[2025-05-13 02:39:51] 📥 Dados recebidos do PayHubr
Dados: {
    "raw": "{\"orderId\":7295940,\"platform\":\"BlackCat\",\"paymentMethod\":\"pix\",\"status\":\"waiting_payment\",\"createdAt\":\"2025-05-13 02:39:51\",\"approvedDate\":null,\"refundedAt\":null,\"customer\":{\"name\":\"Rafael Silva Pereira\",\"email\":\"rafaelsilvapereira896@yahoo.com.br\",\"phone\":null,\"document\":\"04239502314\",\"country\":\"BR\",\"ip\":\"2804:1054:3011:4ef0:9875:a0cf:17bf:5dd6\"},\"products\":[{\"id\":\"PROD_2017\",\"name\":\"produto\",\"planId\":null,\"planName\":null,\"quantity\":1,\"priceInCents\":6782}],\"trackingParameters\":{\"utm_source\":\"organic\",\"xcod\":\"organichQwK21wXxRhQwK21wXxRhQwK21wXxRhQwK21wXxR\",\"sck\":\"organichQwK21wXxRhQwK21wXxRhQwK21wXxRhQwK21wXxR\"},\"commission\":{\"totalPriceInCents\":6782,\"gatewayFeeInCents\":0,\"userCommissionInCents\":6782},\"isTest\":false}"
}
----------------------------------------
[2025-05-13 02:39:51] 🔄 Processando dados recebidos
Dados: {
    "orderId": 7295940,
    "platform": "BlackCat",
    "paymentMethod": "pix",
    "status": "waiting_payment",
    "createdAt": "2025-05-13 02:39:51",
    "approvedDate": null,
    "refundedAt": null,
    "customer": {
        "name": "Rafael Silva Pereira",
        "email": "rafaelsilvapereira896@yahoo.com.br",
        "phone": null,
        "document": "04239502314",
        "country": "BR",
        "ip": "2804:1054:3011:4ef0:9875:a0cf:17bf:5dd6"
    },
    "products": [
        {
            "id": "PROD_2017",
            "name": "produto",
            "planId": null,
            "planName": null,
            "quantity": 1,
            "priceInCents": 6782
        }
    ],
    "trackingParameters": {
        "utm_source": "organic",
        "xcod": "organichQwK21wXxRhQwK21wXxRhQwK21wXxRhQwK21wXxR",
        "sck": "organichQwK21wXxRhQwK21wXxRhQwK21wXxRhQwK21wXxR"
    },
    "commission": {
        "totalPriceInCents": 6782,
        "gatewayFeeInCents": 0,
        "userCommissionInCents": 6782
    },
    "isTest": false
}
----------------------------------------
[2025-05-13 02:39:51] 📤 Dados formatados para Utmify
Dados: {
    "orderId": 7295940,
    "platform": "PayHubr",
    "paymentMethod": "pix",
    "status": "waiting_payment",
    "createdAt": "2025-05-13 02:39:51",
    "approvedDate": null,
    "refundedAt": null,
    "customer": {
        "name": "Rafael Silva Pereira",
        "email": "rafaelsilvapereira896@yahoo.com.br",
        "phone": null,
        "document": "04239502314",
        "country": "BR",
        "ip": "2a02:4780:13::2a"
    },
    "products": [
        {
            "id": "PROD_2017",
            "name": "produto",
            "planId": null,
            "planName": null,
            "quantity": 1,
            "priceInCents": 6782
        }
    ],
    "trackingParameters": {
        "src": null,
        "sck": "organichQwK21wXxRhQwK21wXxRhQwK21wXxRhQwK21wXxR",
        "utm_source": "organic",
        "utm_campaign": null,
        "utm_medium": null,
        "utm_content": null,
        "utm_term": null,
        "xcod": "organichQwK21wXxRhQwK21wXxRhQwK21wXxRhQwK21wXxR",
        "fbclid": null,
        "gclid": null,
        "ttclid": null
    },
    "commission": {
        "totalPriceInCents": 6782,
        "gatewayFeeInCents": 0,
        "userCommissionInCents": 6782
    },
    "isTest": false
}
----------------------------------------
[2025-05-13 02:39:51] 📡 Enviando requisição para Utmify
Dados: {
    "url": "https:\/\/api.utmify.com.br\/api-credentials\/orders",
    "headers": [
        "Content-Type: application\/json",
        "x-api-token: [REDACTED]"
    ]
}
----------------------------------------
[2025-05-13 02:39:51] ✅ Resposta da API Utmify
Dados: {
    "http_code": 200,
    "response": {
        "OK": true,
        "data": [],
        "result": "SUCCESS"
    }
}
----------------------------------------
