[2025-04-20 18:13:31] 📥 Dados recebidos do PayHubr
Dados: {
    "raw": "{\"orderId\":5375207,\"platform\":\"BlackCat\",\"paymentMethod\":\"pix\",\"status\":\"waiting_payment\",\"createdAt\":\"2025-04-20 18:13:31\",\"approvedDate\":null,\"refundedAt\":null,\"customer\":{\"name\":\"Maria Alves Oliveira\",\"email\":\"mariaalvesoliveira578@yahoo.com.br\",\"phone\":null,\"document\":\"61745360760\",\"country\":\"BR\",\"ip\":\"188.241.177.228\"},\"products\":[{\"id\":\"PROD_3553\",\"name\":\"produto\",\"planId\":null,\"planName\":null,\"quantity\":1,\"priceInCents\":6782}],\"trackingParameters\":{\"utm_source\":\"organic\"},\"commission\":{\"totalPriceInCents\":6782,\"gatewayFeeInCents\":0,\"userCommissionInCents\":6782},\"isTest\":false}"
}
----------------------------------------
[2025-04-20 18:13:31] 🔄 Processando dados recebidos
Dados: {
    "orderId": 5375207,
    "platform": "BlackCat",
    "paymentMethod": "pix",
    "status": "waiting_payment",
    "createdAt": "2025-04-20 18:13:31",
    "approvedDate": null,
    "refundedAt": null,
    "customer": {
        "name": "Maria Alves Oliveira",
        "email": "mariaalvesoliveira578@yahoo.com.br",
        "phone": null,
        "document": "61745360760",
        "country": "BR",
        "ip": "188.241.177.228"
    },
    "products": [
        {
            "id": "PROD_3553",
            "name": "produto",
            "planId": null,
            "planName": null,
            "quantity": 1,
            "priceInCents": 6782
        }
    ],
    "trackingParameters": {
        "utm_source": "organic"
    },
    "commission": {
        "totalPriceInCents": 6782,
        "gatewayFeeInCents": 0,
        "userCommissionInCents": 6782
    },
    "isTest": false
}
----------------------------------------
[2025-04-20 18:13:31] 📤 Dados formatados para Utmify
Dados: {
    "orderId": 5375207,
    "platform": "PayHubr",
    "paymentMethod": "pix",
    "status": "waiting_payment",
    "createdAt": "2025-04-20 18:13:31",
    "approvedDate": null,
    "refundedAt": null,
    "customer": {
        "name": "Maria Alves Oliveira",
        "email": "mariaalvesoliveira578@yahoo.com.br",
        "phone": null,
        "document": "61745360760",
        "country": "BR",
        "ip": "2a02:4780:13::2a"
    },
    "products": [
        {
            "id": "PROD_3553",
            "name": "produto",
            "planId": null,
            "planName": null,
            "quantity": 1,
            "priceInCents": 6782
        }
    ],
    "trackingParameters": {
        "src": null,
        "sck": null,
        "utm_source": "organic",
        "utm_campaign": null,
        "utm_medium": null,
        "utm_content": null,
        "utm_term": null,
        "xcod": null,
        "fbclid": null,
        "gclid": null,
        "ttclid": null
    },
    "commission": {
        "totalPriceInCents": 6782,
        "gatewayFeeInCents": 0,
        "userCommissionInCents": 6782
    },
    "isTest": false
}
----------------------------------------
[2025-04-20 18:13:31] 📡 Enviando requisição para Utmify
Dados: {
    "url": "https:\/\/api.utmify.com.br\/api-credentials\/orders",
    "headers": [
        "Content-Type: application\/json",
        "x-api-token: [REDACTED]"
    ]
}
----------------------------------------
[2025-04-20 18:13:31] ✅ Resposta da API Utmify
Dados: {
    "http_code": 200,
    "response": {
        "OK": true,
        "data": [],
        "result": "SUCCESS"
    }
}
----------------------------------------
