[2025-05-02 00:05:30] 📥 Dados recebidos do PayHubr
Dados: {
    "raw": "{\"orderId\":6219453,\"platform\":\"BlackCat\",\"paymentMethod\":\"pix\",\"status\":\"waiting_payment\",\"createdAt\":\"2025-05-02 00:05:30\",\"approvedDate\":null,\"refundedAt\":null,\"customer\":{\"name\":\"Jo\\u00e3o Ferreira Lima\",\"email\":\"joaoferreiralima91@hotmail.com\",\"phone\":null,\"document\":\"01681154846\",\"country\":\"BR\",\"ip\":\"2804:389:c2cb:da64:8eef:a0a9:85fe:ed03\"},\"products\":[{\"id\":\"PROD_7301\",\"name\":\"produto\",\"planId\":null,\"planName\":null,\"quantity\":1,\"priceInCents\":6782}],\"trackingParameters\":{\"utm_source\":\"organic\"},\"commission\":{\"totalPriceInCents\":6782,\"gatewayFeeInCents\":0,\"userCommissionInCents\":6782},\"isTest\":false}"
}
----------------------------------------
[2025-05-02 00:05:30] 🔄 Processando dados recebidos
Dados: {
    "orderId": 6219453,
    "platform": "BlackCat",
    "paymentMethod": "pix",
    "status": "waiting_payment",
    "createdAt": "2025-05-02 00:05:30",
    "approvedDate": null,
    "refundedAt": null,
    "customer": {
        "name": "Jo\u00e3o Ferreira Lima",
        "email": "joaoferreiralima91@hotmail.com",
        "phone": null,
        "document": "01681154846",
        "country": "BR",
        "ip": "2804:389:c2cb:da64:8eef:a0a9:85fe:ed03"
    },
    "products": [
        {
            "id": "PROD_7301",
            "name": "produto",
            "planId": null,
            "planName": null,
            "quantity": 1,
            "priceInCents": 6782
        }
    ],
    "trackingParameters": {
        "utm_source": "organic"
    },
    "commission": {
        "totalPriceInCents": 6782,
        "gatewayFeeInCents": 0,
        "userCommissionInCents": 6782
    },
    "isTest": false
}
----------------------------------------
[2025-05-02 00:05:30] 📤 Dados formatados para Utmify
Dados: {
    "orderId": 6219453,
    "platform": "PayHubr",
    "paymentMethod": "pix",
    "status": "waiting_payment",
    "createdAt": "2025-05-02 00:05:30",
    "approvedDate": null,
    "refundedAt": null,
    "customer": {
        "name": "Jo\u00e3o Ferreira Lima",
        "email": "joaoferreiralima91@hotmail.com",
        "phone": null,
        "document": "01681154846",
        "country": "BR",
        "ip": "2a02:4780:13::2a"
    },
    "products": [
        {
            "id": "PROD_7301",
            "name": "produto",
            "planId": null,
            "planName": null,
            "quantity": 1,
            "priceInCents": 6782
        }
    ],
    "trackingParameters": {
        "src": null,
        "sck": null,
        "utm_source": "organic",
        "utm_campaign": null,
        "utm_medium": null,
        "utm_content": null,
        "utm_term": null,
        "xcod": null,
        "fbclid": null,
        "gclid": null,
        "ttclid": null
    },
    "commission": {
        "totalPriceInCents": 6782,
        "gatewayFeeInCents": 0,
        "userCommissionInCents": 6782
    },
    "isTest": false
}
----------------------------------------
[2025-05-02 00:05:30] 📡 Enviando requisição para Utmify
Dados: {
    "url": "https:\/\/api.utmify.com.br\/api-credentials\/orders",
    "headers": [
        "Content-Type: application\/json",
        "x-api-token: [REDACTED]"
    ]
}
----------------------------------------
[2025-05-02 00:05:31] ✅ Resposta da API Utmify
Dados: {
    "http_code": 200,
    "response": {
        "OK": true,
        "data": [],
        "result": "SUCCESS"
    }
}
----------------------------------------
[2025-05-02 00:21:28] 📥 Dados recebidos do PayHubr
Dados: {
    "raw": "{\"orderId\":6220445,\"platform\":\"BlackCat\",\"paymentMethod\":\"pix\",\"status\":\"waiting_payment\",\"createdAt\":\"2025-05-02 00:21:27\",\"approvedDate\":null,\"refundedAt\":null,\"customer\":{\"name\":\"Pedro Alves Lopes\",\"email\":\"pedroalveslopes488@uol.com.br\",\"phone\":null,\"document\":\"01092323562\",\"country\":\"BR\",\"ip\":\"177.10.62.19\"},\"products\":[{\"id\":\"PROD_1519\",\"name\":\"produto\",\"planId\":null,\"planName\":null,\"quantity\":1,\"priceInCents\":6782}],\"trackingParameters\":{\"utm_source\":\"organic\"},\"commission\":{\"totalPriceInCents\":6782,\"gatewayFeeInCents\":0,\"userCommissionInCents\":6782},\"isTest\":false}"
}
----------------------------------------
[2025-05-02 00:21:28] 🔄 Processando dados recebidos
Dados: {
    "orderId": 6220445,
    "platform": "BlackCat",
    "paymentMethod": "pix",
    "status": "waiting_payment",
    "createdAt": "2025-05-02 00:21:27",
    "approvedDate": null,
    "refundedAt": null,
    "customer": {
        "name": "Pedro Alves Lopes",
        "email": "pedroalveslopes488@uol.com.br",
        "phone": null,
        "document": "01092323562",
        "country": "BR",
        "ip": "177.10.62.19"
    },
    "products": [
        {
            "id": "PROD_1519",
            "name": "produto",
            "planId": null,
            "planName": null,
            "quantity": 1,
            "priceInCents": 6782
        }
    ],
    "trackingParameters": {
        "utm_source": "organic"
    },
    "commission": {
        "totalPriceInCents": 6782,
        "gatewayFeeInCents": 0,
        "userCommissionInCents": 6782
    },
    "isTest": false
}
----------------------------------------
[2025-05-02 00:21:28] 📤 Dados formatados para Utmify
Dados: {
    "orderId": 6220445,
    "platform": "PayHubr",
    "paymentMethod": "pix",
    "status": "waiting_payment",
    "createdAt": "2025-05-02 00:21:28",
    "approvedDate": null,
    "refundedAt": null,
    "customer": {
        "name": "Pedro Alves Lopes",
        "email": "pedroalveslopes488@uol.com.br",
        "phone": null,
        "document": "01092323562",
        "country": "BR",
        "ip": "2a02:4780:13::2a"
    },
    "products": [
        {
            "id": "PROD_1519",
            "name": "produto",
            "planId": null,
            "planName": null,
            "quantity": 1,
            "priceInCents": 6782
        }
    ],
    "trackingParameters": {
        "src": null,
        "sck": null,
        "utm_source": "organic",
        "utm_campaign": null,
        "utm_medium": null,
        "utm_content": null,
        "utm_term": null,
        "xcod": null,
        "fbclid": null,
        "gclid": null,
        "ttclid": null
    },
    "commission": {
        "totalPriceInCents": 6782,
        "gatewayFeeInCents": 0,
        "userCommissionInCents": 6782
    },
    "isTest": false
}
----------------------------------------
[2025-05-02 00:21:28] 📡 Enviando requisição para Utmify
Dados: {
    "url": "https:\/\/api.utmify.com.br\/api-credentials\/orders",
    "headers": [
        "Content-Type: application\/json",
        "x-api-token: [REDACTED]"
    ]
}
----------------------------------------
[2025-05-02 00:21:28] ✅ Resposta da API Utmify
Dados: {
    "http_code": 200,
    "response": {
        "OK": true,
        "data": [],
        "result": "SUCCESS"
    }
}
----------------------------------------
[2025-05-02 10:06:18] 📥 Dados recebidos do PayHubr
Dados: {
    "raw": "{\"orderId\":6235697,\"platform\":\"BlackCat\",\"paymentMethod\":\"pix\",\"status\":\"waiting_payment\",\"createdAt\":\"2025-05-02 10:06:18\",\"approvedDate\":null,\"refundedAt\":null,\"customer\":{\"name\":\"Clara Costa Oliveira\",\"email\":\"claracostaoliveira98@gmail.com\",\"phone\":null,\"document\":\"44654320547\",\"country\":\"BR\",\"ip\":\"45.6.195.2\"},\"products\":[{\"id\":\"PROD_7022\",\"name\":\"produto\",\"planId\":null,\"planName\":null,\"quantity\":1,\"priceInCents\":6782}],\"trackingParameters\":{\"utm_source\":\"organic\"},\"commission\":{\"totalPriceInCents\":6782,\"gatewayFeeInCents\":0,\"userCommissionInCents\":6782},\"isTest\":false}"
}
----------------------------------------
[2025-05-02 10:06:18] 🔄 Processando dados recebidos
Dados: {
    "orderId": 6235697,
    "platform": "BlackCat",
    "paymentMethod": "pix",
    "status": "waiting_payment",
    "createdAt": "2025-05-02 10:06:18",
    "approvedDate": null,
    "refundedAt": null,
    "customer": {
        "name": "Clara Costa Oliveira",
        "email": "claracostaoliveira98@gmail.com",
        "phone": null,
        "document": "44654320547",
        "country": "BR",
        "ip": "45.6.195.2"
    },
    "products": [
        {
            "id": "PROD_7022",
            "name": "produto",
            "planId": null,
            "planName": null,
            "quantity": 1,
            "priceInCents": 6782
        }
    ],
    "trackingParameters": {
        "utm_source": "organic"
    },
    "commission": {
        "totalPriceInCents": 6782,
        "gatewayFeeInCents": 0,
        "userCommissionInCents": 6782
    },
    "isTest": false
}
----------------------------------------
[2025-05-02 10:06:18] 📤 Dados formatados para Utmify
Dados: {
    "orderId": 6235697,
    "platform": "PayHubr",
    "paymentMethod": "pix",
    "status": "waiting_payment",
    "createdAt": "2025-05-02 10:06:18",
    "approvedDate": null,
    "refundedAt": null,
    "customer": {
        "name": "Clara Costa Oliveira",
        "email": "claracostaoliveira98@gmail.com",
        "phone": null,
        "document": "44654320547",
        "country": "BR",
        "ip": "2a02:4780:13::2a"
    },
    "products": [
        {
            "id": "PROD_7022",
            "name": "produto",
            "planId": null,
            "planName": null,
            "quantity": 1,
            "priceInCents": 6782
        }
    ],
    "trackingParameters": {
        "src": null,
        "sck": null,
        "utm_source": "organic",
        "utm_campaign": null,
        "utm_medium": null,
        "utm_content": null,
        "utm_term": null,
        "xcod": null,
        "fbclid": null,
        "gclid": null,
        "ttclid": null
    },
    "commission": {
        "totalPriceInCents": 6782,
        "gatewayFeeInCents": 0,
        "userCommissionInCents": 6782
    },
    "isTest": false
}
----------------------------------------
[2025-05-02 10:06:18] 📡 Enviando requisição para Utmify
Dados: {
    "url": "https:\/\/api.utmify.com.br\/api-credentials\/orders",
    "headers": [
        "Content-Type: application\/json",
        "x-api-token: [REDACTED]"
    ]
}
----------------------------------------
[2025-05-02 10:06:18] ✅ Resposta da API Utmify
Dados: {
    "http_code": 200,
    "response": {
        "OK": true,
        "data": [],
        "result": "SUCCESS"
    }
}
----------------------------------------
[2025-05-02 12:00:11] 📥 Dados recebidos do PayHubr
Dados: {
    "raw": "{\"orderId\":6240813,\"platform\":\"BlackCat\",\"paymentMethod\":\"pix\",\"status\":\"waiting_payment\",\"createdAt\":\"2025-05-02 12:00:11\",\"approvedDate\":null,\"refundedAt\":null,\"customer\":{\"name\":\"Lucas Ribeiro Souza\",\"email\":\"lucasribeirosouza317@hotmail.com\",\"phone\":null,\"document\":\"67898667441\",\"country\":\"BR\",\"ip\":\"2804:7f0:3e4:7ce0:7aae:d8e9:2c0:efa1\"},\"products\":[{\"id\":\"PROD_8816\",\"name\":\"produto\",\"planId\":null,\"planName\":null,\"quantity\":1,\"priceInCents\":6782}],\"trackingParameters\":{\"utm_source\":\"organic\"},\"commission\":{\"totalPriceInCents\":6782,\"gatewayFeeInCents\":0,\"userCommissionInCents\":6782},\"isTest\":false}"
}
----------------------------------------
[2025-05-02 12:00:11] 🔄 Processando dados recebidos
Dados: {
    "orderId": 6240813,
    "platform": "BlackCat",
    "paymentMethod": "pix",
    "status": "waiting_payment",
    "createdAt": "2025-05-02 12:00:11",
    "approvedDate": null,
    "refundedAt": null,
    "customer": {
        "name": "Lucas Ribeiro Souza",
        "email": "lucasribeirosouza317@hotmail.com",
        "phone": null,
        "document": "67898667441",
        "country": "BR",
        "ip": "2804:7f0:3e4:7ce0:7aae:d8e9:2c0:efa1"
    },
    "products": [
        {
            "id": "PROD_8816",
            "name": "produto",
            "planId": null,
            "planName": null,
            "quantity": 1,
            "priceInCents": 6782
        }
    ],
    "trackingParameters": {
        "utm_source": "organic"
    },
    "commission": {
        "totalPriceInCents": 6782,
        "gatewayFeeInCents": 0,
        "userCommissionInCents": 6782
    },
    "isTest": false
}
----------------------------------------
[2025-05-02 12:00:11] 📤 Dados formatados para Utmify
Dados: {
    "orderId": 6240813,
    "platform": "PayHubr",
    "paymentMethod": "pix",
    "status": "waiting_payment",
    "createdAt": "2025-05-02 12:00:11",
    "approvedDate": null,
    "refundedAt": null,
    "customer": {
        "name": "Lucas Ribeiro Souza",
        "email": "lucasribeirosouza317@hotmail.com",
        "phone": null,
        "document": "67898667441",
        "country": "BR",
        "ip": "2a02:4780:13::2a"
    },
    "products": [
        {
            "id": "PROD_8816",
            "name": "produto",
            "planId": null,
            "planName": null,
            "quantity": 1,
            "priceInCents": 6782
        }
    ],
    "trackingParameters": {
        "src": null,
        "sck": null,
        "utm_source": "organic",
        "utm_campaign": null,
        "utm_medium": null,
        "utm_content": null,
        "utm_term": null,
        "xcod": null,
        "fbclid": null,
        "gclid": null,
        "ttclid": null
    },
    "commission": {
        "totalPriceInCents": 6782,
        "gatewayFeeInCents": 0,
        "userCommissionInCents": 6782
    },
    "isTest": false
}
----------------------------------------
[2025-05-02 12:00:11] 📡 Enviando requisição para Utmify
Dados: {
    "url": "https:\/\/api.utmify.com.br\/api-credentials\/orders",
    "headers": [
        "Content-Type: application\/json",
        "x-api-token: [REDACTED]"
    ]
}
----------------------------------------
[2025-05-02 12:00:11] ✅ Resposta da API Utmify
Dados: {
    "http_code": 200,
    "response": {
        "OK": true,
        "data": [],
        "result": "SUCCESS"
    }
}
----------------------------------------
[2025-05-02 12:33:18] 📥 Dados recebidos do PayHubr
Dados: {
    "raw": "{\"orderId\":6242657,\"platform\":\"BlackCat\",\"paymentMethod\":\"pix\",\"status\":\"waiting_payment\",\"createdAt\":\"2025-05-02 12:33:18\",\"approvedDate\":null,\"refundedAt\":null,\"customer\":{\"name\":\"Lucas Lima Souza\",\"email\":\"lucaslimasouza150@uol.com.br\",\"phone\":null,\"document\":\"80344774511\",\"country\":\"BR\",\"ip\":\"2804:14c:9d83:8ca9:4d3b:1cab:50e9:103a\"},\"products\":[{\"id\":\"PROD_8261\",\"name\":\"produto\",\"planId\":null,\"planName\":null,\"quantity\":1,\"priceInCents\":6782}],\"trackingParameters\":{\"utm_source\":\"organic\"},\"commission\":{\"totalPriceInCents\":6782,\"gatewayFeeInCents\":0,\"userCommissionInCents\":6782},\"isTest\":false}"
}
----------------------------------------
[2025-05-02 12:33:18] 🔄 Processando dados recebidos
Dados: {
    "orderId": 6242657,
    "platform": "BlackCat",
    "paymentMethod": "pix",
    "status": "waiting_payment",
    "createdAt": "2025-05-02 12:33:18",
    "approvedDate": null,
    "refundedAt": null,
    "customer": {
        "name": "Lucas Lima Souza",
        "email": "lucaslimasouza150@uol.com.br",
        "phone": null,
        "document": "80344774511",
        "country": "BR",
        "ip": "2804:14c:9d83:8ca9:4d3b:1cab:50e9:103a"
    },
    "products": [
        {
            "id": "PROD_8261",
            "name": "produto",
            "planId": null,
            "planName": null,
            "quantity": 1,
            "priceInCents": 6782
        }
    ],
    "trackingParameters": {
        "utm_source": "organic"
    },
    "commission": {
        "totalPriceInCents": 6782,
        "gatewayFeeInCents": 0,
        "userCommissionInCents": 6782
    },
    "isTest": false
}
----------------------------------------
[2025-05-02 12:33:18] 📤 Dados formatados para Utmify
Dados: {
    "orderId": 6242657,
    "platform": "PayHubr",
    "paymentMethod": "pix",
    "status": "waiting_payment",
    "createdAt": "2025-05-02 12:33:18",
    "approvedDate": null,
    "refundedAt": null,
    "customer": {
        "name": "Lucas Lima Souza",
        "email": "lucaslimasouza150@uol.com.br",
        "phone": null,
        "document": "80344774511",
        "country": "BR",
        "ip": "2a02:4780:13::2a"
    },
    "products": [
        {
            "id": "PROD_8261",
            "name": "produto",
            "planId": null,
            "planName": null,
            "quantity": 1,
            "priceInCents": 6782
        }
    ],
    "trackingParameters": {
        "src": null,
        "sck": null,
        "utm_source": "organic",
        "utm_campaign": null,
        "utm_medium": null,
        "utm_content": null,
        "utm_term": null,
        "xcod": null,
        "fbclid": null,
        "gclid": null,
        "ttclid": null
    },
    "commission": {
        "totalPriceInCents": 6782,
        "gatewayFeeInCents": 0,
        "userCommissionInCents": 6782
    },
    "isTest": false
}
----------------------------------------
[2025-05-02 12:33:18] 📡 Enviando requisição para Utmify
Dados: {
    "url": "https:\/\/api.utmify.com.br\/api-credentials\/orders",
    "headers": [
        "Content-Type: application\/json",
        "x-api-token: [REDACTED]"
    ]
}
----------------------------------------
[2025-05-02 12:33:18] ✅ Resposta da API Utmify
Dados: {
    "http_code": 200,
    "response": {
        "OK": true,
        "data": [],
        "result": "SUCCESS"
    }
}
----------------------------------------
[2025-05-02 13:46:44] 📥 Dados recebidos do PayHubr
Dados: {
    "raw": "{\"orderId\":6247188,\"platform\":\"BlackCat\",\"paymentMethod\":\"pix\",\"status\":\"waiting_payment\",\"createdAt\":\"2025-05-02 13:46:44\",\"approvedDate\":null,\"refundedAt\":null,\"customer\":{\"name\":\"Gustavo Silva Martins\",\"email\":\"gustavosilvamartins399@hotmail.com\",\"phone\":null,\"document\":\"01798714043\",\"country\":\"BR\",\"ip\":\"201.87.237.215\"},\"products\":[{\"id\":\"PROD_1043\",\"name\":\"produto\",\"planId\":null,\"planName\":null,\"quantity\":1,\"priceInCents\":6782}],\"trackingParameters\":{\"utm_source\":\"organic\"},\"commission\":{\"totalPriceInCents\":6782,\"gatewayFeeInCents\":0,\"userCommissionInCents\":6782},\"isTest\":false}"
}
----------------------------------------
[2025-05-02 13:46:44] 🔄 Processando dados recebidos
Dados: {
    "orderId": 6247188,
    "platform": "BlackCat",
    "paymentMethod": "pix",
    "status": "waiting_payment",
    "createdAt": "2025-05-02 13:46:44",
    "approvedDate": null,
    "refundedAt": null,
    "customer": {
        "name": "Gustavo Silva Martins",
        "email": "gustavosilvamartins399@hotmail.com",
        "phone": null,
        "document": "01798714043",
        "country": "BR",
        "ip": "201.87.237.215"
    },
    "products": [
        {
            "id": "PROD_1043",
            "name": "produto",
            "planId": null,
            "planName": null,
            "quantity": 1,
            "priceInCents": 6782
        }
    ],
    "trackingParameters": {
        "utm_source": "organic"
    },
    "commission": {
        "totalPriceInCents": 6782,
        "gatewayFeeInCents": 0,
        "userCommissionInCents": 6782
    },
    "isTest": false
}
----------------------------------------
[2025-05-02 13:46:44] 📤 Dados formatados para Utmify
Dados: {
    "orderId": 6247188,
    "platform": "PayHubr",
    "paymentMethod": "pix",
    "status": "waiting_payment",
    "createdAt": "2025-05-02 13:46:44",
    "approvedDate": null,
    "refundedAt": null,
    "customer": {
        "name": "Gustavo Silva Martins",
        "email": "gustavosilvamartins399@hotmail.com",
        "phone": null,
        "document": "01798714043",
        "country": "BR",
        "ip": "2a02:4780:13::2a"
    },
    "products": [
        {
            "id": "PROD_1043",
            "name": "produto",
            "planId": null,
            "planName": null,
            "quantity": 1,
            "priceInCents": 6782
        }
    ],
    "trackingParameters": {
        "src": null,
        "sck": null,
        "utm_source": "organic",
        "utm_campaign": null,
        "utm_medium": null,
        "utm_content": null,
        "utm_term": null,
        "xcod": null,
        "fbclid": null,
        "gclid": null,
        "ttclid": null
    },
    "commission": {
        "totalPriceInCents": 6782,
        "gatewayFeeInCents": 0,
        "userCommissionInCents": 6782
    },
    "isTest": false
}
----------------------------------------
[2025-05-02 13:46:44] 📡 Enviando requisição para Utmify
Dados: {
    "url": "https:\/\/api.utmify.com.br\/api-credentials\/orders",
    "headers": [
        "Content-Type: application\/json",
        "x-api-token: [REDACTED]"
    ]
}
----------------------------------------
[2025-05-02 13:46:44] ✅ Resposta da API Utmify
Dados: {
    "http_code": 200,
    "response": {
        "OK": true,
        "data": [],
        "result": "SUCCESS"
    }
}
----------------------------------------
[2025-05-02 13:46:59] 📥 Dados recebidos do PayHubr
Dados: {
    "raw": "{\"orderId\":6247208,\"platform\":\"BlackCat\",\"paymentMethod\":\"pix\",\"status\":\"waiting_payment\",\"createdAt\":\"2025-05-02 13:46:59\",\"approvedDate\":null,\"refundedAt\":null,\"customer\":{\"name\":\"Beatriz Martins Ribeiro\",\"email\":\"beatrizmartinsribeiro537@gmail.com\",\"phone\":null,\"document\":\"97724417644\",\"country\":\"BR\",\"ip\":\"179.248.97.205\"},\"products\":[{\"id\":\"PROD_8646\",\"name\":\"produto\",\"planId\":null,\"planName\":null,\"quantity\":1,\"priceInCents\":6782}],\"trackingParameters\":{\"utm_source\":\"organic\"},\"commission\":{\"totalPriceInCents\":6782,\"gatewayFeeInCents\":0,\"userCommissionInCents\":6782},\"isTest\":false}"
}
----------------------------------------
[2025-05-02 13:46:59] 🔄 Processando dados recebidos
Dados: {
    "orderId": 6247208,
    "platform": "BlackCat",
    "paymentMethod": "pix",
    "status": "waiting_payment",
    "createdAt": "2025-05-02 13:46:59",
    "approvedDate": null,
    "refundedAt": null,
    "customer": {
        "name": "Beatriz Martins Ribeiro",
        "email": "beatrizmartinsribeiro537@gmail.com",
        "phone": null,
        "document": "97724417644",
        "country": "BR",
        "ip": "179.248.97.205"
    },
    "products": [
        {
            "id": "PROD_8646",
            "name": "produto",
            "planId": null,
            "planName": null,
            "quantity": 1,
            "priceInCents": 6782
        }
    ],
    "trackingParameters": {
        "utm_source": "organic"
    },
    "commission": {
        "totalPriceInCents": 6782,
        "gatewayFeeInCents": 0,
        "userCommissionInCents": 6782
    },
    "isTest": false
}
----------------------------------------
[2025-05-02 13:46:59] 📤 Dados formatados para Utmify
Dados: {
    "orderId": 6247208,
    "platform": "PayHubr",
    "paymentMethod": "pix",
    "status": "waiting_payment",
    "createdAt": "2025-05-02 13:46:59",
    "approvedDate": null,
    "refundedAt": null,
    "customer": {
        "name": "Beatriz Martins Ribeiro",
        "email": "beatrizmartinsribeiro537@gmail.com",
        "phone": null,
        "document": "97724417644",
        "country": "BR",
        "ip": "2a02:4780:13::2a"
    },
    "products": [
        {
            "id": "PROD_8646",
            "name": "produto",
            "planId": null,
            "planName": null,
            "quantity": 1,
            "priceInCents": 6782
        }
    ],
    "trackingParameters": {
        "src": null,
        "sck": null,
        "utm_source": "organic",
        "utm_campaign": null,
        "utm_medium": null,
        "utm_content": null,
        "utm_term": null,
        "xcod": null,
        "fbclid": null,
        "gclid": null,
        "ttclid": null
    },
    "commission": {
        "totalPriceInCents": 6782,
        "gatewayFeeInCents": 0,
        "userCommissionInCents": 6782
    },
    "isTest": false
}
----------------------------------------
[2025-05-02 13:46:59] 📡 Enviando requisição para Utmify
Dados: {
    "url": "https:\/\/api.utmify.com.br\/api-credentials\/orders",
    "headers": [
        "Content-Type: application\/json",
        "x-api-token: [REDACTED]"
    ]
}
----------------------------------------
[2025-05-02 13:46:59] ✅ Resposta da API Utmify
Dados: {
    "http_code": 200,
    "response": {
        "OK": true,
        "data": [],
        "result": "SUCCESS"
    }
}
----------------------------------------
[2025-05-02 14:35:31] 📥 Dados recebidos do PayHubr
Dados: {
    "raw": "{\"orderId\":6250771,\"platform\":\"BlackCat\",\"paymentMethod\":\"pix\",\"status\":\"waiting_payment\",\"createdAt\":\"2025-05-02 14:35:30\",\"approvedDate\":null,\"refundedAt\":null,\"customer\":{\"name\":\"Helena Fernandes Almeida\",\"email\":\"helenafernandesalmeida180@uol.com.br\",\"phone\":null,\"document\":\"52890799042\",\"country\":\"BR\",\"ip\":\"167.249.88.119\"},\"products\":[{\"id\":\"PROD_7515\",\"name\":\"produto\",\"planId\":null,\"planName\":null,\"quantity\":1,\"priceInCents\":6782}],\"trackingParameters\":{\"utm_source\":\"organic\"},\"commission\":{\"totalPriceInCents\":6782,\"gatewayFeeInCents\":0,\"userCommissionInCents\":6782},\"isTest\":false}"
}
----------------------------------------
[2025-05-02 14:35:31] 🔄 Processando dados recebidos
Dados: {
    "orderId": 6250771,
    "platform": "BlackCat",
    "paymentMethod": "pix",
    "status": "waiting_payment",
    "createdAt": "2025-05-02 14:35:30",
    "approvedDate": null,
    "refundedAt": null,
    "customer": {
        "name": "Helena Fernandes Almeida",
        "email": "helenafernandesalmeida180@uol.com.br",
        "phone": null,
        "document": "52890799042",
        "country": "BR",
        "ip": "167.249.88.119"
    },
    "products": [
        {
            "id": "PROD_7515",
            "name": "produto",
            "planId": null,
            "planName": null,
            "quantity": 1,
            "priceInCents": 6782
        }
    ],
    "trackingParameters": {
        "utm_source": "organic"
    },
    "commission": {
        "totalPriceInCents": 6782,
        "gatewayFeeInCents": 0,
        "userCommissionInCents": 6782
    },
    "isTest": false
}
----------------------------------------
[2025-05-02 14:35:31] 📤 Dados formatados para Utmify
Dados: {
    "orderId": 6250771,
    "platform": "PayHubr",
    "paymentMethod": "pix",
    "status": "waiting_payment",
    "createdAt": "2025-05-02 14:35:31",
    "approvedDate": null,
    "refundedAt": null,
    "customer": {
        "name": "Helena Fernandes Almeida",
        "email": "helenafernandesalmeida180@uol.com.br",
        "phone": null,
        "document": "52890799042",
        "country": "BR",
        "ip": "2a02:4780:13::2a"
    },
    "products": [
        {
            "id": "PROD_7515",
            "name": "produto",
            "planId": null,
            "planName": null,
            "quantity": 1,
            "priceInCents": 6782
        }
    ],
    "trackingParameters": {
        "src": null,
        "sck": null,
        "utm_source": "organic",
        "utm_campaign": null,
        "utm_medium": null,
        "utm_content": null,
        "utm_term": null,
        "xcod": null,
        "fbclid": null,
        "gclid": null,
        "ttclid": null
    },
    "commission": {
        "totalPriceInCents": 6782,
        "gatewayFeeInCents": 0,
        "userCommissionInCents": 6782
    },
    "isTest": false
}
----------------------------------------
[2025-05-02 14:35:31] 📡 Enviando requisição para Utmify
Dados: {
    "url": "https:\/\/api.utmify.com.br\/api-credentials\/orders",
    "headers": [
        "Content-Type: application\/json",
        "x-api-token: [REDACTED]"
    ]
}
----------------------------------------
[2025-05-02 14:35:31] ✅ Resposta da API Utmify
Dados: {
    "http_code": 200,
    "response": {
        "OK": true,
        "data": [],
        "result": "SUCCESS"
    }
}
----------------------------------------
[2025-05-02 17:32:15] 📥 Dados recebidos do PayHubr
Dados: {
    "raw": "{\"orderId\":6262682,\"platform\":\"BlackCat\",\"paymentMethod\":\"pix\",\"status\":\"waiting_payment\",\"createdAt\":\"2025-05-02 17:32:14\",\"approvedDate\":null,\"refundedAt\":null,\"customer\":{\"name\":\"Matheus Ribeiro Costa\",\"email\":\"matheusribeirocosta645@outlook.com\",\"phone\":null,\"document\":\"82660070474\",\"country\":\"BR\",\"ip\":\"2804:14c:9d83:8ca9:4d3b:1cab:50e9:103a\"},\"products\":[{\"id\":\"PROD_7455\",\"name\":\"produto\",\"planId\":null,\"planName\":null,\"quantity\":1,\"priceInCents\":6782}],\"trackingParameters\":{\"utm_source\":\"organic\",\"xcod\":\"organichQwK21wXxRhQwK21wXxRhQwK21wXxRhQwK21wXxR\",\"sck\":\"organichQwK21wXxRhQwK21wXxRhQwK21wXxRhQwK21wXxR\"},\"commission\":{\"totalPriceInCents\":6782,\"gatewayFeeInCents\":0,\"userCommissionInCents\":6782},\"isTest\":false}"
}
----------------------------------------
[2025-05-02 17:32:15] 🔄 Processando dados recebidos
Dados: {
    "orderId": 6262682,
    "platform": "BlackCat",
    "paymentMethod": "pix",
    "status": "waiting_payment",
    "createdAt": "2025-05-02 17:32:14",
    "approvedDate": null,
    "refundedAt": null,
    "customer": {
        "name": "Matheus Ribeiro Costa",
        "email": "matheusribeirocosta645@outlook.com",
        "phone": null,
        "document": "82660070474",
        "country": "BR",
        "ip": "2804:14c:9d83:8ca9:4d3b:1cab:50e9:103a"
    },
    "products": [
        {
            "id": "PROD_7455",
            "name": "produto",
            "planId": null,
            "planName": null,
            "quantity": 1,
            "priceInCents": 6782
        }
    ],
    "trackingParameters": {
        "utm_source": "organic",
        "xcod": "organichQwK21wXxRhQwK21wXxRhQwK21wXxRhQwK21wXxR",
        "sck": "organichQwK21wXxRhQwK21wXxRhQwK21wXxRhQwK21wXxR"
    },
    "commission": {
        "totalPriceInCents": 6782,
        "gatewayFeeInCents": 0,
        "userCommissionInCents": 6782
    },
    "isTest": false
}
----------------------------------------
[2025-05-02 17:32:15] 📤 Dados formatados para Utmify
Dados: {
    "orderId": 6262682,
    "platform": "PayHubr",
    "paymentMethod": "pix",
    "status": "waiting_payment",
    "createdAt": "2025-05-02 17:32:15",
    "approvedDate": null,
    "refundedAt": null,
    "customer": {
        "name": "Matheus Ribeiro Costa",
        "email": "matheusribeirocosta645@outlook.com",
        "phone": null,
        "document": "82660070474",
        "country": "BR",
        "ip": "2a02:4780:13::2a"
    },
    "products": [
        {
            "id": "PROD_7455",
            "name": "produto",
            "planId": null,
            "planName": null,
            "quantity": 1,
            "priceInCents": 6782
        }
    ],
    "trackingParameters": {
        "src": null,
        "sck": "organichQwK21wXxRhQwK21wXxRhQwK21wXxRhQwK21wXxR",
        "utm_source": "organic",
        "utm_campaign": null,
        "utm_medium": null,
        "utm_content": null,
        "utm_term": null,
        "xcod": "organichQwK21wXxRhQwK21wXxRhQwK21wXxRhQwK21wXxR",
        "fbclid": null,
        "gclid": null,
        "ttclid": null
    },
    "commission": {
        "totalPriceInCents": 6782,
        "gatewayFeeInCents": 0,
        "userCommissionInCents": 6782
    },
    "isTest": false
}
----------------------------------------
[2025-05-02 17:32:15] 📡 Enviando requisição para Utmify
Dados: {
    "url": "https:\/\/api.utmify.com.br\/api-credentials\/orders",
    "headers": [
        "Content-Type: application\/json",
        "x-api-token: [REDACTED]"
    ]
}
----------------------------------------
[2025-05-02 17:32:15] ✅ Resposta da API Utmify
Dados: {
    "http_code": 200,
    "response": {
        "OK": true,
        "data": [],
        "result": "SUCCESS"
    }
}
----------------------------------------
[2025-05-02 17:37:38] 📥 Dados recebidos do PayHubr
Dados: {
    "raw": "{\"orderId\":6263027,\"platform\":\"BlackCat\",\"paymentMethod\":\"pix\",\"status\":\"waiting_payment\",\"createdAt\":\"2025-05-02 17:37:38\",\"approvedDate\":null,\"refundedAt\":null,\"customer\":{\"name\":\"Jo\\u00e3o Rodrigues Costa\",\"email\":\"joaorodriguescosta662@uol.com.br\",\"phone\":null,\"document\":\"92021128601\",\"country\":\"BR\",\"ip\":\"2804:51dc:10d4:100:8b85:351b:d488:1963\"},\"products\":[{\"id\":\"PROD_5161\",\"name\":\"produto\",\"planId\":null,\"planName\":null,\"quantity\":1,\"priceInCents\":6782}],\"trackingParameters\":{\"utm_source\":\"organic\"},\"commission\":{\"totalPriceInCents\":6782,\"gatewayFeeInCents\":0,\"userCommissionInCents\":6782},\"isTest\":false}"
}
----------------------------------------
[2025-05-02 17:37:38] 🔄 Processando dados recebidos
Dados: {
    "orderId": 6263027,
    "platform": "BlackCat",
    "paymentMethod": "pix",
    "status": "waiting_payment",
    "createdAt": "2025-05-02 17:37:38",
    "approvedDate": null,
    "refundedAt": null,
    "customer": {
        "name": "Jo\u00e3o Rodrigues Costa",
        "email": "joaorodriguescosta662@uol.com.br",
        "phone": null,
        "document": "92021128601",
        "country": "BR",
        "ip": "2804:51dc:10d4:100:8b85:351b:d488:1963"
    },
    "products": [
        {
            "id": "PROD_5161",
            "name": "produto",
            "planId": null,
            "planName": null,
            "quantity": 1,
            "priceInCents": 6782
        }
    ],
    "trackingParameters": {
        "utm_source": "organic"
    },
    "commission": {
        "totalPriceInCents": 6782,
        "gatewayFeeInCents": 0,
        "userCommissionInCents": 6782
    },
    "isTest": false
}
----------------------------------------
[2025-05-02 17:37:38] 📤 Dados formatados para Utmify
Dados: {
    "orderId": 6263027,
    "platform": "PayHubr",
    "paymentMethod": "pix",
    "status": "waiting_payment",
    "createdAt": "2025-05-02 17:37:38",
    "approvedDate": null,
    "refundedAt": null,
    "customer": {
        "name": "Jo\u00e3o Rodrigues Costa",
        "email": "joaorodriguescosta662@uol.com.br",
        "phone": null,
        "document": "92021128601",
        "country": "BR",
        "ip": "2a02:4780:13::2a"
    },
    "products": [
        {
            "id": "PROD_5161",
            "name": "produto",
            "planId": null,
            "planName": null,
            "quantity": 1,
            "priceInCents": 6782
        }
    ],
    "trackingParameters": {
        "src": null,
        "sck": null,
        "utm_source": "organic",
        "utm_campaign": null,
        "utm_medium": null,
        "utm_content": null,
        "utm_term": null,
        "xcod": null,
        "fbclid": null,
        "gclid": null,
        "ttclid": null
    },
    "commission": {
        "totalPriceInCents": 6782,
        "gatewayFeeInCents": 0,
        "userCommissionInCents": 6782
    },
    "isTest": false
}
----------------------------------------
[2025-05-02 17:37:38] 📡 Enviando requisição para Utmify
Dados: {
    "url": "https:\/\/api.utmify.com.br\/api-credentials\/orders",
    "headers": [
        "Content-Type: application\/json",
        "x-api-token: [REDACTED]"
    ]
}
----------------------------------------
[2025-05-02 17:37:38] ✅ Resposta da API Utmify
Dados: {
    "http_code": 200,
    "response": {
        "OK": true,
        "data": [],
        "result": "SUCCESS"
    }
}
----------------------------------------
[2025-05-02 19:16:07] 📥 Dados recebidos do PayHubr
Dados: {
    "raw": "{\"orderId\":6310903,\"platform\":\"BlackCat\",\"paymentMethod\":\"pix\",\"status\":\"waiting_payment\",\"createdAt\":\"2025-05-02 19:16:07\",\"approvedDate\":null,\"refundedAt\":null,\"customer\":{\"name\":\"Alice Almeida Martins\",\"email\":\"alicealmeidamartins610@gmail.com\",\"phone\":null,\"document\":\"51635382173\",\"country\":\"BR\",\"ip\":\"2804:18:158:d5f0:183b:cb8a:5e8e:fd29\"},\"products\":[{\"id\":\"PROD_9876\",\"name\":\"produto\",\"planId\":null,\"planName\":null,\"quantity\":1,\"priceInCents\":6782}],\"trackingParameters\":{\"utm_source\":\"organic\"},\"commission\":{\"totalPriceInCents\":6782,\"gatewayFeeInCents\":0,\"userCommissionInCents\":6782},\"isTest\":false}"
}
----------------------------------------
[2025-05-02 19:16:07] 🔄 Processando dados recebidos
Dados: {
    "orderId": 6310903,
    "platform": "BlackCat",
    "paymentMethod": "pix",
    "status": "waiting_payment",
    "createdAt": "2025-05-02 19:16:07",
    "approvedDate": null,
    "refundedAt": null,
    "customer": {
        "name": "Alice Almeida Martins",
        "email": "alicealmeidamartins610@gmail.com",
        "phone": null,
        "document": "51635382173",
        "country": "BR",
        "ip": "2804:18:158:d5f0:183b:cb8a:5e8e:fd29"
    },
    "products": [
        {
            "id": "PROD_9876",
            "name": "produto",
            "planId": null,
            "planName": null,
            "quantity": 1,
            "priceInCents": 6782
        }
    ],
    "trackingParameters": {
        "utm_source": "organic"
    },
    "commission": {
        "totalPriceInCents": 6782,
        "gatewayFeeInCents": 0,
        "userCommissionInCents": 6782
    },
    "isTest": false
}
----------------------------------------
[2025-05-02 19:16:07] 📤 Dados formatados para Utmify
Dados: {
    "orderId": 6310903,
    "platform": "PayHubr",
    "paymentMethod": "pix",
    "status": "waiting_payment",
    "createdAt": "2025-05-02 19:16:07",
    "approvedDate": null,
    "refundedAt": null,
    "customer": {
        "name": "Alice Almeida Martins",
        "email": "alicealmeidamartins610@gmail.com",
        "phone": null,
        "document": "51635382173",
        "country": "BR",
        "ip": "2a02:4780:13::2a"
    },
    "products": [
        {
            "id": "PROD_9876",
            "name": "produto",
            "planId": null,
            "planName": null,
            "quantity": 1,
            "priceInCents": 6782
        }
    ],
    "trackingParameters": {
        "src": null,
        "sck": null,
        "utm_source": "organic",
        "utm_campaign": null,
        "utm_medium": null,
        "utm_content": null,
        "utm_term": null,
        "xcod": null,
        "fbclid": null,
        "gclid": null,
        "ttclid": null
    },
    "commission": {
        "totalPriceInCents": 6782,
        "gatewayFeeInCents": 0,
        "userCommissionInCents": 6782
    },
    "isTest": false
}
----------------------------------------
[2025-05-02 19:16:07] 📡 Enviando requisição para Utmify
Dados: {
    "url": "https:\/\/api.utmify.com.br\/api-credentials\/orders",
    "headers": [
        "Content-Type: application\/json",
        "x-api-token: [REDACTED]"
    ]
}
----------------------------------------
[2025-05-02 19:16:07] ✅ Resposta da API Utmify
Dados: {
    "http_code": 200,
    "response": {
        "OK": true,
        "data": [],
        "result": "SUCCESS"
    }
}
----------------------------------------
[2025-05-02 19:36:01] 📥 Dados recebidos do PayHubr
Dados: {
    "raw": "{\"orderId\":6312614,\"platform\":\"BlackCat\",\"paymentMethod\":\"pix\",\"status\":\"waiting_payment\",\"createdAt\":\"2025-05-02 19:36:01\",\"approvedDate\":null,\"refundedAt\":null,\"customer\":{\"name\":\"Rafael Gomes Santos\",\"email\":\"rafaelgomessantos93@gmail.com\",\"phone\":null,\"document\":\"70363215808\",\"country\":\"BR\",\"ip\":\"45.6.195.2\"},\"products\":[{\"id\":\"PROD_2394\",\"name\":\"produto\",\"planId\":null,\"planName\":null,\"quantity\":1,\"priceInCents\":6782}],\"trackingParameters\":{\"utm_source\":\"organic\",\"xcod\":\"organichQwK21wXxRhQwK21wXxRhQwK21wXxRhQwK21wXxR\",\"sck\":\"organichQwK21wXxRhQwK21wXxRhQwK21wXxRhQwK21wXxR\"},\"commission\":{\"totalPriceInCents\":6782,\"gatewayFeeInCents\":0,\"userCommissionInCents\":6782},\"isTest\":false}"
}
----------------------------------------
[2025-05-02 19:36:01] 🔄 Processando dados recebidos
Dados: {
    "orderId": 6312614,
    "platform": "BlackCat",
    "paymentMethod": "pix",
    "status": "waiting_payment",
    "createdAt": "2025-05-02 19:36:01",
    "approvedDate": null,
    "refundedAt": null,
    "customer": {
        "name": "Rafael Gomes Santos",
        "email": "rafaelgomessantos93@gmail.com",
        "phone": null,
        "document": "70363215808",
        "country": "BR",
        "ip": "45.6.195.2"
    },
    "products": [
        {
            "id": "PROD_2394",
            "name": "produto",
            "planId": null,
            "planName": null,
            "quantity": 1,
            "priceInCents": 6782
        }
    ],
    "trackingParameters": {
        "utm_source": "organic",
        "xcod": "organichQwK21wXxRhQwK21wXxRhQwK21wXxRhQwK21wXxR",
        "sck": "organichQwK21wXxRhQwK21wXxRhQwK21wXxRhQwK21wXxR"
    },
    "commission": {
        "totalPriceInCents": 6782,
        "gatewayFeeInCents": 0,
        "userCommissionInCents": 6782
    },
    "isTest": false
}
----------------------------------------
[2025-05-02 19:36:01] 📤 Dados formatados para Utmify
Dados: {
    "orderId": 6312614,
    "platform": "PayHubr",
    "paymentMethod": "pix",
    "status": "waiting_payment",
    "createdAt": "2025-05-02 19:36:01",
    "approvedDate": null,
    "refundedAt": null,
    "customer": {
        "name": "Rafael Gomes Santos",
        "email": "rafaelgomessantos93@gmail.com",
        "phone": null,
        "document": "70363215808",
        "country": "BR",
        "ip": "2a02:4780:13::2a"
    },
    "products": [
        {
            "id": "PROD_2394",
            "name": "produto",
            "planId": null,
            "planName": null,
            "quantity": 1,
            "priceInCents": 6782
        }
    ],
    "trackingParameters": {
        "src": null,
        "sck": "organichQwK21wXxRhQwK21wXxRhQwK21wXxRhQwK21wXxR",
        "utm_source": "organic",
        "utm_campaign": null,
        "utm_medium": null,
        "utm_content": null,
        "utm_term": null,
        "xcod": "organichQwK21wXxRhQwK21wXxRhQwK21wXxRhQwK21wXxR",
        "fbclid": null,
        "gclid": null,
        "ttclid": null
    },
    "commission": {
        "totalPriceInCents": 6782,
        "gatewayFeeInCents": 0,
        "userCommissionInCents": 6782
    },
    "isTest": false
}
----------------------------------------
[2025-05-02 19:36:01] 📡 Enviando requisição para Utmify
Dados: {
    "url": "https:\/\/api.utmify.com.br\/api-credentials\/orders",
    "headers": [
        "Content-Type: application\/json",
        "x-api-token: [REDACTED]"
    ]
}
----------------------------------------
[2025-05-02 19:36:02] ✅ Resposta da API Utmify
Dados: {
    "http_code": 200,
    "response": {
        "OK": true,
        "data": [],
        "result": "SUCCESS"
    }
}
----------------------------------------
[2025-05-02 20:36:21] 📥 Dados recebidos do PayHubr
Dados: {
    "raw": "{\"orderId\":6318789,\"platform\":\"BlackCat\",\"paymentMethod\":\"pix\",\"status\":\"waiting_payment\",\"createdAt\":\"2025-05-02 20:36:20\",\"approvedDate\":null,\"refundedAt\":null,\"customer\":{\"name\":\"Bernardo Gomes Gomes\",\"email\":\"bernardogomesgomes767@hotmail.com\",\"phone\":null,\"document\":\"87983356501\",\"country\":\"BR\",\"ip\":\"179.250.229.2\"},\"products\":[{\"id\":\"PROD_7809\",\"name\":\"produto\",\"planId\":null,\"planName\":null,\"quantity\":1,\"priceInCents\":6782}],\"trackingParameters\":{\"utm_source\":\"organic\"},\"commission\":{\"totalPriceInCents\":6782,\"gatewayFeeInCents\":0,\"userCommissionInCents\":6782},\"isTest\":false}"
}
----------------------------------------
[2025-05-02 20:36:21] 🔄 Processando dados recebidos
Dados: {
    "orderId": 6318789,
    "platform": "BlackCat",
    "paymentMethod": "pix",
    "status": "waiting_payment",
    "createdAt": "2025-05-02 20:36:20",
    "approvedDate": null,
    "refundedAt": null,
    "customer": {
        "name": "Bernardo Gomes Gomes",
        "email": "bernardogomesgomes767@hotmail.com",
        "phone": null,
        "document": "87983356501",
        "country": "BR",
        "ip": "179.250.229.2"
    },
    "products": [
        {
            "id": "PROD_7809",
            "name": "produto",
            "planId": null,
            "planName": null,
            "quantity": 1,
            "priceInCents": 6782
        }
    ],
    "trackingParameters": {
        "utm_source": "organic"
    },
    "commission": {
        "totalPriceInCents": 6782,
        "gatewayFeeInCents": 0,
        "userCommissionInCents": 6782
    },
    "isTest": false
}
----------------------------------------
[2025-05-02 20:36:21] 📤 Dados formatados para Utmify
Dados: {
    "orderId": 6318789,
    "platform": "PayHubr",
    "paymentMethod": "pix",
    "status": "waiting_payment",
    "createdAt": "2025-05-02 20:36:21",
    "approvedDate": null,
    "refundedAt": null,
    "customer": {
        "name": "Bernardo Gomes Gomes",
        "email": "bernardogomesgomes767@hotmail.com",
        "phone": null,
        "document": "87983356501",
        "country": "BR",
        "ip": "2a02:4780:13::2a"
    },
    "products": [
        {
            "id": "PROD_7809",
            "name": "produto",
            "planId": null,
            "planName": null,
            "quantity": 1,
            "priceInCents": 6782
        }
    ],
    "trackingParameters": {
        "src": null,
        "sck": null,
        "utm_source": "organic",
        "utm_campaign": null,
        "utm_medium": null,
        "utm_content": null,
        "utm_term": null,
        "xcod": null,
        "fbclid": null,
        "gclid": null,
        "ttclid": null
    },
    "commission": {
        "totalPriceInCents": 6782,
        "gatewayFeeInCents": 0,
        "userCommissionInCents": 6782
    },
    "isTest": false
}
----------------------------------------
[2025-05-02 20:36:21] 📡 Enviando requisição para Utmify
Dados: {
    "url": "https:\/\/api.utmify.com.br\/api-credentials\/orders",
    "headers": [
        "Content-Type: application\/json",
        "x-api-token: [REDACTED]"
    ]
}
----------------------------------------
[2025-05-02 20:36:21] ✅ Resposta da API Utmify
Dados: {
    "http_code": 200,
    "response": {
        "OK": true,
        "data": [],
        "result": "SUCCESS"
    }
}
----------------------------------------
[2025-05-02 20:40:19] 📥 Dados recebidos do PayHubr
Dados: {
    "raw": "{\"orderId\":6319318,\"platform\":\"BlackCat\",\"paymentMethod\":\"pix\",\"status\":\"waiting_payment\",\"createdAt\":\"2025-05-02 20:40:18\",\"approvedDate\":null,\"refundedAt\":null,\"customer\":{\"name\":\"Sophia Lima Lima\",\"email\":\"sophialimalima25@uol.com.br\",\"phone\":null,\"document\":\"48177165844\",\"country\":\"BR\",\"ip\":\"177.10.62.19\"},\"products\":[{\"id\":\"PROD_6620\",\"name\":\"produto\",\"planId\":null,\"planName\":null,\"quantity\":1,\"priceInCents\":6782}],\"trackingParameters\":{\"utm_source\":\"organic\",\"xcod\":\"organichQwK21wXxRhQwK21wXxRhQwK21wXxRhQwK21wXxR\",\"sck\":\"organichQwK21wXxRhQwK21wXxRhQwK21wXxRhQwK21wXxR\"},\"commission\":{\"totalPriceInCents\":6782,\"gatewayFeeInCents\":0,\"userCommissionInCents\":6782},\"isTest\":false}"
}
----------------------------------------
[2025-05-02 20:40:19] 🔄 Processando dados recebidos
Dados: {
    "orderId": 6319318,
    "platform": "BlackCat",
    "paymentMethod": "pix",
    "status": "waiting_payment",
    "createdAt": "2025-05-02 20:40:18",
    "approvedDate": null,
    "refundedAt": null,
    "customer": {
        "name": "Sophia Lima Lima",
        "email": "sophialimalima25@uol.com.br",
        "phone": null,
        "document": "48177165844",
        "country": "BR",
        "ip": "177.10.62.19"
    },
    "products": [
        {
            "id": "PROD_6620",
            "name": "produto",
            "planId": null,
            "planName": null,
            "quantity": 1,
            "priceInCents": 6782
        }
    ],
    "trackingParameters": {
        "utm_source": "organic",
        "xcod": "organichQwK21wXxRhQwK21wXxRhQwK21wXxRhQwK21wXxR",
        "sck": "organichQwK21wXxRhQwK21wXxRhQwK21wXxRhQwK21wXxR"
    },
    "commission": {
        "totalPriceInCents": 6782,
        "gatewayFeeInCents": 0,
        "userCommissionInCents": 6782
    },
    "isTest": false
}
----------------------------------------
[2025-05-02 20:40:19] 📤 Dados formatados para Utmify
Dados: {
    "orderId": 6319318,
    "platform": "PayHubr",
    "paymentMethod": "pix",
    "status": "waiting_payment",
    "createdAt": "2025-05-02 20:40:19",
    "approvedDate": null,
    "refundedAt": null,
    "customer": {
        "name": "Sophia Lima Lima",
        "email": "sophialimalima25@uol.com.br",
        "phone": null,
        "document": "48177165844",
        "country": "BR",
        "ip": "2a02:4780:13::2a"
    },
    "products": [
        {
            "id": "PROD_6620",
            "name": "produto",
            "planId": null,
            "planName": null,
            "quantity": 1,
            "priceInCents": 6782
        }
    ],
    "trackingParameters": {
        "src": null,
        "sck": "organichQwK21wXxRhQwK21wXxRhQwK21wXxRhQwK21wXxR",
        "utm_source": "organic",
        "utm_campaign": null,
        "utm_medium": null,
        "utm_content": null,
        "utm_term": null,
        "xcod": "organichQwK21wXxRhQwK21wXxRhQwK21wXxRhQwK21wXxR",
        "fbclid": null,
        "gclid": null,
        "ttclid": null
    },
    "commission": {
        "totalPriceInCents": 6782,
        "gatewayFeeInCents": 0,
        "userCommissionInCents": 6782
    },
    "isTest": false
}
----------------------------------------
[2025-05-02 20:40:19] 📡 Enviando requisição para Utmify
Dados: {
    "url": "https:\/\/api.utmify.com.br\/api-credentials\/orders",
    "headers": [
        "Content-Type: application\/json",
        "x-api-token: [REDACTED]"
    ]
}
----------------------------------------
[2025-05-02 20:40:19] ✅ Resposta da API Utmify
Dados: {
    "http_code": 200,
    "response": {
        "OK": true,
        "data": [],
        "result": "SUCCESS"
    }
}
----------------------------------------
[2025-05-02 22:06:08] 📥 Dados recebidos do PayHubr
Dados: {
    "raw": "{\"orderId\":6330045,\"platform\":\"BlackCat\",\"paymentMethod\":\"pix\",\"status\":\"waiting_payment\",\"createdAt\":\"2025-05-02 22:06:08\",\"approvedDate\":null,\"refundedAt\":null,\"customer\":{\"name\":\"Felipe Silva Barbosa\",\"email\":\"felipesilvabarbosa323@uol.com.br\",\"phone\":null,\"document\":\"39308609539\",\"country\":\"BR\",\"ip\":\"2a02:26f7:e508:5800:0:8000:0:e\"},\"products\":[{\"id\":\"PROD_3467\",\"name\":\"produto\",\"planId\":null,\"planName\":null,\"quantity\":1,\"priceInCents\":6782}],\"trackingParameters\":{\"utm_source\":\"organic\",\"xcod\":\"organichQwK21wXxRhQwK21wXxRhQwK21wXxRhQwK21wXxR\",\"sck\":\"organichQwK21wXxRhQwK21wXxRhQwK21wXxRhQwK21wXxR\"},\"commission\":{\"totalPriceInCents\":6782,\"gatewayFeeInCents\":0,\"userCommissionInCents\":6782},\"isTest\":false}"
}
----------------------------------------
[2025-05-02 22:06:08] 🔄 Processando dados recebidos
Dados: {
    "orderId": 6330045,
    "platform": "BlackCat",
    "paymentMethod": "pix",
    "status": "waiting_payment",
    "createdAt": "2025-05-02 22:06:08",
    "approvedDate": null,
    "refundedAt": null,
    "customer": {
        "name": "Felipe Silva Barbosa",
        "email": "felipesilvabarbosa323@uol.com.br",
        "phone": null,
        "document": "39308609539",
        "country": "BR",
        "ip": "2a02:26f7:e508:5800:0:8000:0:e"
    },
    "products": [
        {
            "id": "PROD_3467",
            "name": "produto",
            "planId": null,
            "planName": null,
            "quantity": 1,
            "priceInCents": 6782
        }
    ],
    "trackingParameters": {
        "utm_source": "organic",
        "xcod": "organichQwK21wXxRhQwK21wXxRhQwK21wXxRhQwK21wXxR",
        "sck": "organichQwK21wXxRhQwK21wXxRhQwK21wXxRhQwK21wXxR"
    },
    "commission": {
        "totalPriceInCents": 6782,
        "gatewayFeeInCents": 0,
        "userCommissionInCents": 6782
    },
    "isTest": false
}
----------------------------------------
[2025-05-02 22:06:08] 📤 Dados formatados para Utmify
Dados: {
    "orderId": 6330045,
    "platform": "PayHubr",
    "paymentMethod": "pix",
    "status": "waiting_payment",
    "createdAt": "2025-05-02 22:06:08",
    "approvedDate": null,
    "refundedAt": null,
    "customer": {
        "name": "Felipe Silva Barbosa",
        "email": "felipesilvabarbosa323@uol.com.br",
        "phone": null,
        "document": "39308609539",
        "country": "BR",
        "ip": "2a02:4780:13::2a"
    },
    "products": [
        {
            "id": "PROD_3467",
            "name": "produto",
            "planId": null,
            "planName": null,
            "quantity": 1,
            "priceInCents": 6782
        }
    ],
    "trackingParameters": {
        "src": null,
        "sck": "organichQwK21wXxRhQwK21wXxRhQwK21wXxRhQwK21wXxR",
        "utm_source": "organic",
        "utm_campaign": null,
        "utm_medium": null,
        "utm_content": null,
        "utm_term": null,
        "xcod": "organichQwK21wXxRhQwK21wXxRhQwK21wXxRhQwK21wXxR",
        "fbclid": null,
        "gclid": null,
        "ttclid": null
    },
    "commission": {
        "totalPriceInCents": 6782,
        "gatewayFeeInCents": 0,
        "userCommissionInCents": 6782
    },
    "isTest": false
}
----------------------------------------
[2025-05-02 22:06:08] 📡 Enviando requisição para Utmify
Dados: {
    "url": "https:\/\/api.utmify.com.br\/api-credentials\/orders",
    "headers": [
        "Content-Type: application\/json",
        "x-api-token: [REDACTED]"
    ]
}
----------------------------------------
[2025-05-02 22:06:08] ✅ Resposta da API Utmify
Dados: {
    "http_code": 200,
    "response": {
        "OK": true,
        "data": [],
        "result": "SUCCESS"
    }
}
----------------------------------------
