[2025-05-03 00:22:22] 📥 Dados recebidos do PayHubr
Dados: {
    "raw": "{\"orderId\":6347099,\"platform\":\"BlackCat\",\"paymentMethod\":\"pix\",\"status\":\"waiting_payment\",\"createdAt\":\"2025-05-03 00:22:22\",\"approvedDate\":null,\"refundedAt\":null,\"customer\":{\"name\":\"Clara Lima Oliveira\",\"email\":\"claralimaoliveira126@outlook.com\",\"phone\":null,\"document\":\"10961103000\",\"country\":\"BR\",\"ip\":\"179.250.229.2\"},\"products\":[{\"id\":\"PROD_9819\",\"name\":\"produto\",\"planId\":null,\"planName\":null,\"quantity\":1,\"priceInCents\":6782}],\"trackingParameters\":{\"utm_source\":\"organic\"},\"commission\":{\"totalPriceInCents\":6782,\"gatewayFeeInCents\":0,\"userCommissionInCents\":6782},\"isTest\":false}"
}
----------------------------------------
[2025-05-03 00:22:22] 🔄 Processando dados recebidos
Dados: {
    "orderId": 6347099,
    "platform": "BlackCat",
    "paymentMethod": "pix",
    "status": "waiting_payment",
    "createdAt": "2025-05-03 00:22:22",
    "approvedDate": null,
    "refundedAt": null,
    "customer": {
        "name": "Clara Lima Oliveira",
        "email": "claralimaoliveira126@outlook.com",
        "phone": null,
        "document": "10961103000",
        "country": "BR",
        "ip": "179.250.229.2"
    },
    "products": [
        {
            "id": "PROD_9819",
            "name": "produto",
            "planId": null,
            "planName": null,
            "quantity": 1,
            "priceInCents": 6782
        }
    ],
    "trackingParameters": {
        "utm_source": "organic"
    },
    "commission": {
        "totalPriceInCents": 6782,
        "gatewayFeeInCents": 0,
        "userCommissionInCents": 6782
    },
    "isTest": false
}
----------------------------------------
[2025-05-03 00:22:22] 📤 Dados formatados para Utmify
Dados: {
    "orderId": 6347099,
    "platform": "PayHubr",
    "paymentMethod": "pix",
    "status": "waiting_payment",
    "createdAt": "2025-05-03 00:22:22",
    "approvedDate": null,
    "refundedAt": null,
    "customer": {
        "name": "Clara Lima Oliveira",
        "email": "claralimaoliveira126@outlook.com",
        "phone": null,
        "document": "10961103000",
        "country": "BR",
        "ip": "2a02:4780:13::2a"
    },
    "products": [
        {
            "id": "PROD_9819",
            "name": "produto",
            "planId": null,
            "planName": null,
            "quantity": 1,
            "priceInCents": 6782
        }
    ],
    "trackingParameters": {
        "src": null,
        "sck": null,
        "utm_source": "organic",
        "utm_campaign": null,
        "utm_medium": null,
        "utm_content": null,
        "utm_term": null,
        "xcod": null,
        "fbclid": null,
        "gclid": null,
        "ttclid": null
    },
    "commission": {
        "totalPriceInCents": 6782,
        "gatewayFeeInCents": 0,
        "userCommissionInCents": 6782
    },
    "isTest": false
}
----------------------------------------
[2025-05-03 00:22:22] 📡 Enviando requisição para Utmify
Dados: {
    "url": "https:\/\/api.utmify.com.br\/api-credentials\/orders",
    "headers": [
        "Content-Type: application\/json",
        "x-api-token: [REDACTED]"
    ]
}
----------------------------------------
[2025-05-03 00:22:22] ✅ Resposta da API Utmify
Dados: {
    "http_code": 200,
    "response": {
        "OK": true,
        "data": [],
        "result": "SUCCESS"
    }
}
----------------------------------------
